<?xml version="1.0" encoding="UTF-8"?>
<coverage generated="1740723938051" clover="3.2.0">
  <project timestamp="1740723938052" name="All files">
    <metrics statements="19" coveredstatements="14" conditionals="2" coveredconditionals="1" methods="5" coveredmethods="3" elements="26" coveredelements="18" complexity="0" loc="19" ncloc="19" packages="1" files="1" classes="1"/>
    <file name="App.tsx" path="C:\projects\test-react-app\src\App.tsx">
      <metrics statements="19" coveredstatements="14" conditionals="2" coveredconditionals="1" methods="5" coveredmethods="3"/>
      <line num="1" count="1" type="stmt"/>
      <line num="3" count="1" type="stmt"/>
      <line num="4" count="1" type="stmt"/>
      <line num="5" count="1" type="stmt"/>
      <line num="6" count="1" type="stmt"/>
      <line num="7" count="1" type="stmt"/>
      <line num="10" count="39" type="stmt"/>
      <line num="11" count="39" type="stmt"/>
      <line num="12" count="39" type="stmt"/>
      <line num="14" count="39" type="stmt"/>
      <line num="15" count="0" type="stmt"/>
      <line num="16" count="0" type="stmt"/>
      <line num="18" count="0" type="stmt"/>
      <line num="19" count="0" type="stmt"/>
      <line num="22" count="39" type="stmt"/>
      <line num="26" count="24" type="stmt"/>
      <line num="27" count="11" type="stmt"/>
      <line num="28" count="0" type="stmt"/>
      <line num="42" count="1" type="stmt"/>
    </file>
  </project>
</coverage>
