{"C:\\projects\\test-react-app\\src\\App.tsx": {"path":"C:\\projects\\test-react-app\\src\\App.tsx","statementMap":{"0":{"start":{"line":1,"column":0},"end":{"line":1,"column":18}},"1":{"start":{"line":3,"column":0},"end":{"line":3,"column":32}},"2":{"start":{"line":4,"column":0},"end":{"line":4,"column":43}},"3":{"start":{"line":5,"column":0},"end":{"line":5,"column":62}},"4":{"start":{"line":6,"column":0},"end":{"line":6,"column":42}},"5":{"start":{"line":7,"column":0},"end":{"line":7,"column":46}},"6":{"start":{"line":10,"column":28},"end":{"line":10,"column":48}},"7":{"start":{"line":11,"column":30},"end":{"line":11,"column":56}},"8":{"start":{"line":12,"column":26},"end":{"line":12,"column":46}},"9":{"start":{"line":14,"column":21},"end":{"line":20,"column":3}},"10":{"start":{"line":15,"column":25},"end":{"line":15,"column":43}},"11":{"start":{"line":16,"column":24},"end":{"line":16,"column":43}},"12":{"start":{"line":18,"column":4},"end":{"line":18,"column":65}},"13":{"start":{"line":19,"column":4},"end":{"line":19,"column":17}},"14":{"start":{"line":22,"column":2},"end":{"line":39,"column":null}},"15":{"start":{"line":26,"column":111},"end":{"line":26,"column":135}},"16":{"start":{"line":27,"column":112},"end":{"line":27,"column":137}},"17":{"start":{"line":28,"column":33},"end":{"line":28,"column":50}},"18":{"start":{"line":42,"column":0},"end":{"line":42,"column":null}}},"fnMap":{"0":{"name":"App","decl":{"start":{"line":9,"column":9},"end":{"line":9,"column":12}},"loc":{"start":{"line":9,"column":12},"end":{"line":40,"column":1}}},"1":{"name":"(anonymous_1)","decl":{"start":{"line":14,"column":21},"end":{"line":14,"column":22}},"loc":{"start":{"line":14,"column":39},"end":{"line":20,"column":3}}},"2":{"name":"(anonymous_2)","decl":{"start":{"line":26,"column":67},"end":{"line":26,"column":68}},"loc":{"start":{"line":26,"column":111},"end":{"line":26,"column":135}}},"3":{"name":"(anonymous_3)","decl":{"start":{"line":27,"column":68},"end":{"line":27,"column":69}},"loc":{"start":{"line":27,"column":112},"end":{"line":27,"column":137}}},"4":{"name":"(anonymous_4)","decl":{"start":{"line":28,"column":27},"end":{"line":28,"column":30}},"loc":{"start":{"line":28,"column":33},"end":{"line":28,"column":50}}}},"branchMap":{"0":{"loc":{"start":{"line":31,"column":10},"end":{"line":34,"column":null}},"type":"binary-expr","locations":[{"start":{"line":31,"column":10},"end":{"line":31,"column":14}},{"start":{"line":32,"column":12},"end":{"line":33,"column":null}}]}},"s":{"0":1,"1":1,"2":1,"3":1,"4":1,"5":1,"6":39,"7":39,"8":39,"9":39,"10":0,"11":0,"12":0,"13":0,"14":39,"15":24,"16":11,"17":0,"18":1},"f":{"0":39,"1":0,"2":24,"3":11,"4":0},"b":{"0":[39,0]}}
}
